<?xml version="1.0" encoding="UTF-8"?>
<!-- Generated by org.testng.reporters.JUnitReportReporter -->
<testsuite hostname="LAPTOP-CLNODGQA" failures="0" tests="8" name="api.testcase.UserTestDD" time="14.975" errors="0" timestamp="2023-10-03T17:39:12 IST" skipped="0">
  <testcase classname="api.testcase.UserTestDD" name="testCreateUser" time="1.564"/>
  <system-out/>
  <testcase classname="api.testcase.UserTestDD" name="testCreateUser" time="2.880"/>
  <system-out/>
  <testcase classname="api.testcase.UserTestDD" name="testCreateUser" time="1.955"/>
  <system-out/>
  <testcase classname="api.testcase.UserTestDD" name="testCreateUser" time="1.591"/>
  <system-out/>
  <testcase classname="api.testcase.UserTestDD" name="testDeleteUser" time="1.880"/>
  <system-out/>
  <testcase classname="api.testcase.UserTestDD" name="testDeleteUser" time="1.905"/>
  <system-out/>
  <testcase classname="api.testcase.UserTestDD" name="testDeleteUser" time="1.599"/>
  <system-out/>
  <testcase classname="api.testcase.UserTestDD" name="testDeleteUser" time="1.601"/>
  <system-out/>
</testsuite> <!-- api.testcase.UserTestDD -->
