<?xml version="1.0" encoding="UTF-8"?>
<!-- Generated by org.testng.reporters.JUnitReportReporter -->
<testsuite hostname="LAPTOP-CLNODGQA" failures="0" tests="4" name="api.testcase.UserTest" time="12.343" errors="0" timestamp="2023-10-03T17:39:12 IST" skipped="0">
  <testcase classname="api.testcase.UserTest" name="testCreateUser" time="2.794"/>
  <system-out/>
  <testcase classname="api.testcase.UserTest" name="testGetUserData" time="2.828"/>
  <system-out/>
  <testcase classname="api.testcase.UserTest" name="testUpdateUser" time="5.067"/>
  <system-out/>
  <testcase classname="api.testcase.UserTest" name="testDeleteUser" time="1.654"/>
  <system-out/>
</testsuite> <!-- api.testcase.UserTest -->
