<?xml version="1.0" encoding="UTF-8"?>
<!-- Generated by org.testng.reporters.JUnitReportReporter -->
<testsuite skipped="0" hostname="LAPTOP-CLNODGQA" name="api.testcase.UserTest" tests="4" failures="0" timestamp="2023-10-02T19:23:41 IST" time="12.937" errors="0">
  <testcase name="testCreateUser" time="3.447" classname="api.testcase.UserTest"/>
  <system-out/>
  <testcase name="testGetUserData" time="2.813" classname="api.testcase.UserTest"/>
  <system-out/>
  <testcase name="testUpdateUser" time="4.479" classname="api.testcase.UserTest"/>
  <system-out/>
  <testcase name="testDeleteUser" time="2.198" classname="api.testcase.UserTest"/>
  <system-out/>
</testsuite> <!-- api.testcase.UserTest -->
