<?xml version="1.0" encoding="UTF-8"?>
<!-- Generated by org.testng.reporters.JUnitReportReporter -->
<testsuite skipped="0" hostname="LAPTOP-CLNODGQA" name="api.testcase.UserTestDD" tests="8" failures="0" timestamp="2023-10-02T19:23:41 IST" time="13.281" errors="0">
  <testcase name="testCreateUser" time="1.825" classname="api.testcase.UserTestDD"/>
  <system-out/>
  <testcase name="testCreateUser" time="1.602" classname="api.testcase.UserTestDD"/>
  <system-out/>
  <testcase name="testCreateUser" time="1.588" classname="api.testcase.UserTestDD"/>
  <system-out/>
  <testcase name="testCreateUser" time="1.596" classname="api.testcase.UserTestDD"/>
  <system-out/>
  <testcase name="testDeleteUser" time="1.882" classname="api.testcase.UserTestDD"/>
  <system-out/>
  <testcase name="testDeleteUser" time="1.583" classname="api.testcase.UserTestDD"/>
  <system-out/>
  <testcase name="testDeleteUser" time="1.613" classname="api.testcase.UserTestDD"/>
  <system-out/>
  <testcase name="testDeleteUser" time="1.592" classname="api.testcase.UserTestDD"/>
  <system-out/>
</testsuite> <!-- api.testcase.UserTestDD -->
